[2022-01-29 14:52:25] [INFO] [case_table.py]/[line: 51]/[get] get method 
[2022-01-29 14:52:48] [INFO] [case_table.py]/[line: 60]/[post] None 
[2022-01-29 14:52:48] [INFO] [case_table.py]/[line: 61]/[post] post method 
[2022-01-29 14:53:02] [INFO] [case_table.py]/[line: 69]/[put] put method 
[2022-01-29 14:53:09] [INFO] [case_table.py]/[line: 77]/[delete] delete method 
[2022-01-29 15:06:19] [INFO] [case_table.py]/[line: 66]/[post] 接收到的参数<====== {'id': 1, 'case_title': 'test_demo1', 'remark': 'remark1'} 
[2022-01-29 15:06:19] [INFO] [case_table.py]/[line: 70]/[post] 查询表结果：None 
[2022-01-29 15:06:19] [INFO] [case_table.py]/[line: 75]/[post] 将要存储的内容为<======<TestCase (transient 140557116259824)> 
[2022-01-29 15:06:48] [INFO] [case_table.py]/[line: 66]/[post] 接收到的参数<====== {'id': 2, 'case_title': 'test_demo2', 'remark': 'remark2'} 
[2022-01-29 15:06:48] [INFO] [case_table.py]/[line: 70]/[post] 查询表结果：None 
[2022-01-29 15:06:48] [INFO] [case_table.py]/[line: 75]/[post] 将要存储的内容为<======<TestCase (transient 140557126587872)> 
[2022-01-29 15:07:40] [INFO] [case_table.py]/[line: 66]/[post] 接收到的参数<====== {'id': 2, 'case_title': 'test_demo2', 'remark': 'remark2'} 
[2022-01-29 15:07:40] [INFO] [case_table.py]/[line: 70]/[post] 查询表结果：<TestCase 2> 
[2022-01-29 15:14:40] [INFO] [case_table.py]/[line: 100]/[delete] 接收到的参数id <=====0 
[2022-01-29 15:14:50] [INFO] [case_table.py]/[line: 100]/[delete] 接收到的参数id <=====1 
[2022-01-29 15:23:54] [INFO] [case_table.py]/[line: 58]/[get] 接收到的参数 <===== ImmutableMultiDict([]) 
[2022-01-29 15:24:20] [INFO] [case_table.py]/[line: 89]/[post] 接收到的参数<====== {'id': 3, 'case_title': 'case_title3', 'remark': 'case remark3'} 
[2022-01-29 15:24:20] [INFO] [case_table.py]/[line: 93]/[post] 查询表结果：None 
[2022-01-29 15:24:20] [INFO] [case_table.py]/[line: 98]/[post] 将要存储的内容为<======<TestCase (transient 140636556369056)> 
[2022-01-29 15:24:31] [INFO] [case_table.py]/[line: 89]/[post] 接收到的参数<====== {'id': 4, 'case_title': 'case_title4', 'remark': 'case remark4'} 
[2022-01-29 15:24:31] [INFO] [case_table.py]/[line: 93]/[post] 查询表结果：None 
[2022-01-29 15:24:31] [INFO] [case_table.py]/[line: 98]/[post] 将要存储的内容为<======<TestCase (transient 140636566665200)> 
[2022-01-29 15:24:38] [INFO] [case_table.py]/[line: 89]/[post] 接收到的参数<====== {'id': 5, 'case_title': 'case_title5', 'remark': 'case remark5'} 
[2022-01-29 15:24:38] [INFO] [case_table.py]/[line: 93]/[post] 查询表结果：None 
[2022-01-29 15:24:38] [INFO] [case_table.py]/[line: 98]/[post] 将要存储的内容为<======<TestCase (transient 140636565063328)> 
[2022-01-29 15:24:44] [INFO] [case_table.py]/[line: 89]/[post] 接收到的参数<====== {'id': 6, 'case_title': 'case_title6', 'remark': 'case remark6'} 
[2022-01-29 15:24:44] [INFO] [case_table.py]/[line: 93]/[post] 查询表结果：None 
[2022-01-29 15:24:44] [INFO] [case_table.py]/[line: 98]/[post] 将要存储的内容为<======<TestCase (transient 140636566950288)> 
[2022-01-29 15:24:59] [INFO] [case_table.py]/[line: 58]/[get] 接收到的参数 <===== ImmutableMultiDict([]) 
[2022-01-29 15:25:14] [INFO] [case_table.py]/[line: 58]/[get] 接收到的参数 <===== ImmutableMultiDict([('id', '4')]) 
[2022-01-29 15:26:53] [INFO] [case_table.py]/[line: 58]/[get] 接收到的参数 <===== ImmutableMultiDict([('id', '4')]) 
[2022-01-29 15:29:41] [INFO] [case_table.py]/[line: 58]/[get] 接收到的参数 <===== 4 
[2022-01-29 15:29:41] [INFO] [case_table.py]/[line: 62]/[get] <TestCase 4> 
[2022-01-29 15:29:41] [INFO] [case_table.py]/[line: 67]/[get] 要返回的数据为<======[{'id': 4, 'case_title': 'case_title4', 'remark': 'case remark4'}] 
[2022-01-29 15:37:47] [INFO] [case_table.py]/[line: 119]/[put] 接收到的参数<====== {'id': 7, 'case_title': 'string', 'remark': 'string'} 
[2022-01-29 15:37:47] [INFO] [case_table.py]/[line: 123]/[put] 查询表结果：None 
[2022-01-29 15:38:10] [INFO] [case_table.py]/[line: 119]/[put] 接收到的参数<====== {'id': 6, 'case_title': 'case title 666', 'remark': 'remark 666'} 
[2022-01-29 15:38:10] [INFO] [case_table.py]/[line: 123]/[put] 查询表结果：<TestCase 6> 
[2022-01-29 15:53:31] [INFO] [case_table.py]/[line: 59]/[get] type(request.args) <===== <class 'werkzeug.datastructures.ImmutableMultiDict'> 
[2022-01-29 15:53:31] [INFO] [case_table.py]/[line: 60]/[get] 接收到的参数 <===== 4 
[2022-01-29 15:53:32] [INFO] [case_table.py]/[line: 64]/[get] <TestCase 4> 
[2022-01-29 15:53:32] [INFO] [case_table.py]/[line: 69]/[get] 要返回的数据为<======[{'id': 4, 'case_title': 'case_title4', 'remark': 'case remark4'}] 
[2022-03-19 22:02:52] [INFO] [case_table.py]/[line: 62]/[get] type(request.args) <===== <class 'werkzeug.datastructures.ImmutableMultiDict'> 
[2022-03-19 22:02:52] [INFO] [case_table.py]/[line: 63]/[get] 接收到的参数 <===== None 
[2022-03-19 22:03:12] [INFO] [case_table.py]/[line: 97]/[post] 接收到的参数<====== {'case_title': '用例1', 'remark': '标记'} 
[2022-03-19 22:03:12] [INFO] [case_table.py]/[line: 101]/[post] 查询表结果：None 
[2022-03-19 22:03:12] [INFO] [case_table.py]/[line: 106]/[post] 将要存储的内容为<======<TestCase (transient 4496321072)> 
[2022-03-19 22:03:14] [INFO] [case_table.py]/[line: 97]/[post] 接收到的参数<====== {'case_title': '用例1', 'remark': '标记'} 
[2022-03-19 22:03:14] [INFO] [case_table.py]/[line: 101]/[post] 查询表结果：None 
[2022-03-19 22:03:14] [INFO] [case_table.py]/[line: 106]/[post] 将要存储的内容为<======<TestCase (transient 4496924048)> 
[2022-03-19 22:04:10] [INFO] [case_table.py]/[line: 97]/[post] 接收到的参数<====== {'id': 1, 'case_title': '用例1', 'remark': 'string'} 
[2022-03-19 22:04:10] [INFO] [case_table.py]/[line: 101]/[post] 查询表结果：<TestCase 1> 
[2022-03-19 22:04:12] [INFO] [case_table.py]/[line: 97]/[post] 接收到的参数<====== {'id': 1, 'case_title': '用例1', 'remark': 'string'} 
[2022-03-19 22:04:12] [INFO] [case_table.py]/[line: 101]/[post] 查询表结果：<TestCase 1> 
[2022-03-19 22:04:20] [INFO] [case_table.py]/[line: 97]/[post] 接收到的参数<====== {'id': 2, 'case_title': '用例2', 'remark': 'string'} 
[2022-03-19 22:04:20] [INFO] [case_table.py]/[line: 101]/[post] 查询表结果：None 
[2022-03-19 22:04:20] [INFO] [case_table.py]/[line: 106]/[post] 将要存储的内容为<======<TestCase (transient 4497956048)> 
[2022-03-19 22:04:26] [INFO] [case_table.py]/[line: 62]/[get] type(request.args) <===== <class 'werkzeug.datastructures.ImmutableMultiDict'> 
[2022-03-19 22:04:26] [INFO] [case_table.py]/[line: 63]/[get] 接收到的参数 <===== None 
[2022-03-20 15:25:17] [INFO] [case_table.py]/[line: 62]/[get] type(request.args) <===== <class 'werkzeug.datastructures.ImmutableMultiDict'> 
[2022-03-20 15:25:17] [INFO] [case_table.py]/[line: 63]/[get] 接收到的参数 <===== None 
[2022-03-20 15:25:37] [INFO] [case_table.py]/[line: 62]/[get] type(request.args) <===== <class 'werkzeug.datastructures.ImmutableMultiDict'> 
[2022-03-20 15:25:37] [INFO] [case_table.py]/[line: 63]/[get] 接收到的参数 <===== 1 
[2022-03-20 15:25:37] [INFO] [case_table.py]/[line: 67]/[get] <TestCase 1> 
[2022-03-20 15:25:37] [INFO] [case_table.py]/[line: 72]/[get] 要返回的数据为<======[{'id': 1, 'case_title': 'test_demo1.py', 'remark': 'string1'}] 
[2022-03-20 15:25:57] [INFO] [case_table.py]/[line: 97]/[post] 接收到的参数<====== {'id': 3, 'case_title': 'test3', 'remark': 'test3'} 
[2022-03-20 15:25:57] [INFO] [case_table.py]/[line: 101]/[post] 查询表结果：None 
[2022-03-20 15:25:57] [INFO] [case_table.py]/[line: 106]/[post] 将要存储的内容为<======<TestCase (transient 4431539984)> 
[2022-03-20 15:26:02] [INFO] [case_table.py]/[line: 62]/[get] type(request.args) <===== <class 'werkzeug.datastructures.ImmutableMultiDict'> 
[2022-03-20 15:26:02] [INFO] [case_table.py]/[line: 63]/[get] 接收到的参数 <===== 1 
[2022-03-20 15:26:02] [INFO] [case_table.py]/[line: 67]/[get] <TestCase 1> 
[2022-03-20 15:26:02] [INFO] [case_table.py]/[line: 72]/[get] 要返回的数据为<======[{'id': 1, 'case_title': 'test_demo1.py', 'remark': 'string1'}] 
[2022-03-20 15:26:28] [INFO] [case_table.py]/[line: 125]/[put] 接收到的参数<====== {'id': 1, 'case_title': 'testcase_demo.py', 'remark': 'string'} 
[2022-03-20 15:26:28] [INFO] [case_table.py]/[line: 129]/[put] 查询表结果：<TestCase 1> 
[2022-03-20 15:26:37] [INFO] [case_table.py]/[line: 62]/[get] type(request.args) <===== <class 'werkzeug.datastructures.ImmutableMultiDict'> 
[2022-03-20 15:26:37] [INFO] [case_table.py]/[line: 63]/[get] 接收到的参数 <===== 1 
[2022-03-20 15:26:37] [INFO] [case_table.py]/[line: 67]/[get] <TestCase 1> 
[2022-03-20 15:26:37] [INFO] [case_table.py]/[line: 72]/[get] 要返回的数据为<======[{'id': 1, 'case_title': 'testcase_demo.py', 'remark': 'string'}] 
[2022-03-20 15:26:56] [INFO] [case_table.py]/[line: 153]/[delete] 接收到的参数id <=====3 
[2022-03-20 15:26:58] [INFO] [case_table.py]/[line: 153]/[delete] 接收到的参数id <=====3 
[2022-03-20 15:27:04] [INFO] [case_table.py]/[line: 62]/[get] type(request.args) <===== <class 'werkzeug.datastructures.ImmutableMultiDict'> 
[2022-03-20 15:27:04] [INFO] [case_table.py]/[line: 63]/[get] 接收到的参数 <===== 1 
[2022-03-20 15:27:04] [INFO] [case_table.py]/[line: 67]/[get] <TestCase 1> 
[2022-03-20 15:27:04] [INFO] [case_table.py]/[line: 72]/[get] 要返回的数据为<======[{'id': 1, 'case_title': 'testcase_demo.py', 'remark': 'string'}] 
[2022-03-20 15:27:17] [INFO] [case_table.py]/[line: 62]/[get] type(request.args) <===== <class 'werkzeug.datastructures.ImmutableMultiDict'> 
[2022-03-20 15:27:17] [INFO] [case_table.py]/[line: 63]/[get] 接收到的参数 <===== None 
